{"level":"info","message":"New addition operation requested: 2 + 1 = 3","service":"calculator-microservice"}
{"level":"info","message":"New addition operation requested: 2 + 2 = 4","service":"calculator-microservice"}
{"level":"info","message":"New multiplication operation requested: 2 * 2 = 4","service":"calculator-microservice"}
{"level":"info","message":"New multiplication operation requested: 0 * 2 = 0","service":"calculator-microservice"}
{"level":"info","message":"New subtraction operation requested: 0 - 2 = -2","service":"calculator-microservice"}
{"level":"error","message":"Invalid input","service":"calculator-microservice"}
{"level":"error","message":"Invalid input","service":"calculator-microservice"}
{"level":"info","message":"New divition operation requested: 2 / 2 = 1","service":"calculator-microservice"}
{"level":"info","message":"New divition operation requested: 2 / 0 = Infinity","service":"calculator-microservice"}
{"level":"info","message":"New divition operation requested: 2 / 0 = Infinity","service":"calculator-microservice"}
{"level":"info","message":"New divition operation requested: 10 / 0 = Infinity","service":"calculator-microservice"}
{"level":"info","message":"New divition operation requested: 10 / 0 = Infinity","service":"calculator-microservice"}
{"level":"info","message":"New divition operation requested: 10 / 2 = 5","service":"calculator-microservice"}
{"level":"info","message":"New divition operation requested: 2 / 0 = Infinity","service":"calculator-microservice"}
{"level":"info","message":"New divition operation requested: 10 / 5 = 2","service":"calculator-microservice"}
{"level":"info","message":"New divition operation requested: 10 / 5 = 2","service":"calculator-microservice"}
{"level":"info","message":"New addition operation requested: 10 + 5 = 15","service":"calculator-microservice"}
{"level":"info","message":"New subtraction operation requested: 10 - 5 = 5","service":"calculator-microservice"}
{"level":"info","message":"New multiplication operation requested: 10 * 5 = 50","service":"calculator-microservice"}
{"level":"info","message":"New divition operation requested: 10 / 0 = Infinity","service":"calculator-microservice"}
{"level":"error","message":"Invalid input","service":"calculator-microservice"}
{"level":"error","message":"Invalid input","service":"calculator-microservice"}
